<?xml version="1.0" encoding="UTF-8"?>
<!-- Generated by org.testng.reporters.JUnitReportReporter -->
<testsuite hostname="VISHAL" failures="0" tests="1" name="TestComponets.BaseTest" time="9.887" errors="0" timestamp="2025-01-26T16:39:55 IST" skipped="0">
  <testcase classname="TestComponets.BaseTest" name="launchApplication" time="9.887"/>
  <system-out/>
</testsuite> <!-- TestComponets.BaseTest -->
