<?xml version="1.0" encoding="UTF-8"?>
<!-- Generated by org.testng.reporters.JUnitReportReporter -->
<testsuite hostname="VISHAL" failures="0" tests="2" name="OrgScreens.Login" time="11.965" errors="0" timestamp="2025-01-26T11:55:18 IST" skipped="0">
  <testcase classname="OrgScreens.Login" name="orglogintest" time="7.501"/>
  <system-out/>
  <testcase classname="OrgScreens.Login" name="Browserurl" time="4.464"/>
  <system-out/>
</testsuite> <!-- OrgScreens.Login -->
