<?xml version="1.0" encoding="UTF-8"?>
<!-- Generated by org.testng.reporters.JUnitReportReporter -->
<testsuite hostname="VISHAL" failures="0" tests="1" name="AutoSetup.BrowserSetup" time="13.876" errors="0" timestamp="2025-01-26T12:27:28 IST" skipped="0">
  <testcase classname="AutoSetup.BrowserSetup" name="Browserurl" time="13.876"/>
  <system-out/>
</testsuite> <!-- AutoSetup.BrowserSetup -->
