<?xml version="1.0" encoding="UTF-8"?>
<!-- Generated by org.testng.reporters.JUnitReportReporter -->
<testsuite hostname="VISHAL" failures="0" tests="2" name="TestComponets.MenuTest" time="44.793" errors="0" timestamp="2025-02-22T14:21:48 IST" skipped="0">
  <testcase classname="TestComponets.MenuTest" name="hitAdmin" time="26.319"/>
  <system-out/>
  <testcase classname="TestComponets.MenuTest" name="hitPerformance" time="18.474"/>
  <system-out/>
</testsuite> <!-- TestComponets.MenuTest -->
