<?xml version="1.0" encoding="UTF-8"?>
<!-- Generated by org.testng.reporters.JUnitReportReporter -->
<testsuite hostname="VISHAL" failures="0" tests="2" name="OrgScreens.OrgTabs" time="21.293" errors="0" timestamp="2025-01-26T09:47:10 IST" skipped="0">
  <testcase classname="OrgScreens.OrgTabs" name="Tabstest" time="12.214"/>
  <system-out/>
  <testcase classname="OrgScreens.OrgTabs" name="Browserurl" time="9.079"/>
  <system-out/>
</testsuite> <!-- OrgScreens.OrgTabs -->
