<?xml version="1.0" encoding="UTF-8"?>
<!-- Generated by org.testng.reporters.JUnitReportReporter -->
<testsuite hostname="VISHAL" failures="0" tests="2" name="OrgScreens.OrgAdmin" time="19.742" errors="0" timestamp="2025-01-25T18:16:52 IST" skipped="0">
  <testcase classname="OrgScreens.OrgAdmin" name="AddNewUser" time="4.851"/>
  <system-out/>
  <testcase classname="OrgScreens.OrgAdmin" name="Browserurl" time="14.891"/>
  <system-out/>
</testsuite> <!-- OrgScreens.OrgAdmin -->
