<?xml version="1.0" encoding="UTF-8"?>
<!-- Generated by org.testng.reporters.JUnitReportReporter -->
<testsuite hostname="VISHAL" failures="0" tests="4" name="TestComponets.LoginTest" time="26.843" errors="0" timestamp="2025-02-22T13:22:15 IST" skipped="0">
  <testcase classname="TestComponets.LoginTest" name="launchApplication" time="6.261"/>
  <system-out/>
  <testcase classname="TestComponets.LoginTest" name="LoginWithinCorrectUsernamePassword" time="7.392"/>
  <system-out/>
  <testcase classname="TestComponets.LoginTest" name="LoginWithCorrectUsernamPassword" time="12.262"/>
  <system-out/>
  <testcase classname="TestComponets.LoginTest" name="LoginWithinCorrectUsernameAndCorrectPassword" time="0.928"/>
  <system-out/>
</testsuite> <!-- TestComponets.LoginTest -->
